1
3
200
enabled tpp
0
0
disabled tpp
0
0
disabled tpp
1
3
200
enabled tpp
0
1
enabled autonuma
~/workspace/cpython ~/workspace/py_track
~/workspace/py_track
0
0
disabled tpp
~/workspace/cpython ~/workspace/py_track
~/workspace/py_track
0
0
disabled tpp
~/workspace/cpython ~/workspace/py_track
~/workspace/py_track
0
0
disabled tpp
./run_knobs.sh: line 24: 78427 Killed                  ./test_knobs.sh
~/workspace/cpython ~/workspace/py_track
~/workspace/cpython ~/workspace/py_track
~/workspace/py_track
0
0
disabled tpp
~/workspace/cpython ~/workspace/py_track
~/workspace/cpython ~/workspace/py_track
~/workspace/py_track
0
0
disabled tpp
~/workspace/cpython ~/workspace/py_track
~/workspace/py_track
0
0
disabled tpp
~/workspace/cpython ~/workspace/py_track
~/workspace/py_track
0
0
disabled tpp
